<?xml version="1.0" encoding="UTF-8"?>
<testsuites>
  <testsuite name="tests\api\AuthTest" file="D:\xiaomotui\api\tests\api\AuthTest.php" tests="12" assertions="62" errors="1" failures="3" skipped="0" time="1.836087">
    <testcase name="testLogoutFailureWithoutToken" file="D:\xiaomotui\api\tests\api\AuthTest.php" line="279" class="tests\api\AuthTest" classname="tests.api.AuthTest" assertions="3" time="0.089816"/>
    <testcase name="testGetUserInfoSuccess" file="D:\xiaomotui\api\tests\api\AuthTest.php" line="292" class="tests\api\AuthTest" classname="tests.api.AuthTest" assertions="6" time="0.076899"/>
    <testcase name="testLoginSuccessWithNewUser" file="D:\xiaomotui\api\tests\api\AuthTest.php" line="44" class="tests\api\AuthTest" classname="tests.api.AuthTest" assertions="12" time="0.070443">
      <error type="think\db\exception\PDOException">tests\api\AuthTest::testLoginSuccessWithNewUser&#13;
think\db\exception\PDOException: SQLSTATE[42S02]: Base table or view not found: 1146 Table 'xiaomotui_dev.user' doesn't exist
&#13;
D:\xiaomotui\api\vendor\topthink\think-orm\src\db\PDOConnection.php:836
D:\xiaomotui\api\vendor\topthink\think-orm\src\db\connector\Mysql.php:68
D:\xiaomotui\api\vendor\topthink\think-orm\src\db\PDOConnection.php:438
D:\xiaomotui\api\vendor\topthink\think-orm\src\db\PDOConnection.php:395
D:\xiaomotui\api\vendor\topthink\think-orm\src\db\PDOConnection.php:360
D:\xiaomotui\api\vendor\topthink\think-orm\src\db\PDOConnection.php:424
D:\xiaomotui\api\vendor\topthink\think-orm\src\db\PDOConnection.php:476
D:\xiaomotui\api\vendor\topthink\think-orm\src\db\Query.php:327
D:\xiaomotui\api\vendor\topthink\think-orm\src\db\concern\WhereQuery.php:45
D:\xiaomotui\api\tests\TestCase.php:321
D:\xiaomotui\api\tests\api\AuthTest.php:75
D:\xiaomotui\api\vendor\bin\phpunit:122</error>
    </testcase>
    <testcase name="testRefreshTokenFailureWithInvalidToken" file="D:\xiaomotui\api\tests\api\AuthTest.php" line="210" class="tests\api\AuthTest" classname="tests.api.AuthTest" assertions="3" time="0.028721"/>
    <testcase name="testLoginSuccessWithExistingUser" file="D:\xiaomotui\api\tests\api\AuthTest.php" line="84" class="tests\api\AuthTest" classname="tests.api.AuthTest" assertions="5" time="0.033881"/>
    <testcase name="testLoginFailureWithMissingCode" file="D:\xiaomotui\api\tests\api\AuthTest.php" line="134" class="tests\api\AuthTest" classname="tests.api.AuthTest" assertions="3" time="0.170863"/>
    <testcase name="testLoginFailureWithInvalidCode" file="D:\xiaomotui\api\tests\api\AuthTest.php" line="116" class="tests\api\AuthTest" classname="tests.api.AuthTest" assertions="4" time="0.120865"/>
    <testcase name="testRefreshTokenFailureWithExpiredToken" file="D:\xiaomotui\api\tests\api\AuthTest.php" line="225" class="tests\api\AuthTest" classname="tests.api.AuthTest" assertions="3" time="1.058275"/>
    <testcase name="testTokenPayloadStructure" file="D:\xiaomotui\api\tests\api\AuthTest.php" line="324" class="tests\api\AuthTest" classname="tests.api.AuthTest" assertions="11" time="0.058123"/>
    <testcase name="testLoginWithEncryptedUserInfo" file="D:\xiaomotui\api\tests\api\AuthTest.php" line="147" class="tests\api\AuthTest" classname="tests.api.AuthTest" assertions="2" time="0.041779">
      <failure type="PHPUnit\Framework\ExpectationFailedException">tests\api\AuthTest::testLoginWithEncryptedUserInfo&#13;
带用户信息登录应该成功 - Response code should be 200
Failed asserting that 400 matches expected 200.
&#13;
D:\xiaomotui\api\tests\TestCase.php:205
D:\xiaomotui\api\tests\api\AuthTest.php:170
D:\xiaomotui\api\vendor\bin\phpunit:122</failure>
    </testcase>
    <testcase name="testRefreshTokenSuccess" file="D:\xiaomotui\api\tests\api\AuthTest.php" line="182" class="tests\api\AuthTest" classname="tests.api.AuthTest" assertions="8" time="0.033976">
      <failure type="PHPUnit\Framework\ExpectationFailedException">tests\api\AuthTest::testRefreshTokenSuccess&#13;
新token应与旧token不同
Failed asserting that 'eyJ0eXAiOiJKV1QiLCJhbGciOiJIUzI1NiJ9.eyJpc3MiOiJ4aWFvbW90dWkiLCJhdWQiOiJtaW5pcHJvZ3JhbSIsImlhdCI6MTc3MDY1MDA5MCwiZXhwIjoxNzcwNzM2NDkwLCJzdWIiOjU3LCJvcGVuaWQiOiJ0ZXN0X29wZW5pZF82OTg5ZjllYWI1NzVlIiwicm9sZSI6InVzZXIifQ.QJcQWeYsUeQGXCdO9PxaqqA-zxsFxczJlqqEs0l6GEA' is not equal to 'eyJ0eXAiOiJKV1QiLCJhbGciOiJIUzI1NiJ9.eyJpc3MiOiJ4aWFvbW90dWkiLCJhdWQiOiJtaW5pcHJvZ3JhbSIsImlhdCI6MTc3MDY1MDA5MCwiZXhwIjoxNzcwNzM2NDkwLCJzdWIiOjU3LCJvcGVuaWQiOiJ0ZXN0X29wZW5pZF82OTg5ZjllYWI1NzVlIiwicm9sZSI6InVzZXIifQ.QJcQWeYsUeQGXCdO9PxaqqA-zxsFxczJlqqEs0l6GEA'.
&#13;
D:\xiaomotui\api\tests\api\AuthTest.php:203
D:\xiaomotui\api\vendor\bin\phpunit:122</failure>
    </testcase>
    <testcase name="testLogoutSuccess" file="D:\xiaomotui\api\tests\api\AuthTest.php" line="251" class="tests\api\AuthTest" classname="tests.api.AuthTest" assertions="2" time="0.052447">
      <failure type="PHPUnit\Framework\ExpectationFailedException">tests\api\AuthTest::testLogoutSuccess&#13;
退出登录应该成功 - Response code should be 200
Failed asserting that 500 matches expected 200.
&#13;
D:\xiaomotui\api\tests\TestCase.php:205
D:\xiaomotui\api\tests\api\AuthTest.php:267
D:\xiaomotui\api\vendor\bin\phpunit:122</failure>
    </testcase>
  </testsuite>
</testsuites>
